This file contains any messages produced by compilers while
running configure, to aid debugging if configure makes a mistake.

It was created by configure, which was
generated by GNU Autoconf 2.69.  Invocation command line was

  $ ./configure --no-create --no-recursion

## --------- ##
## Platform. ##
## --------- ##

hostname = localhost.localdomain
uname -m = x86_64
uname -r = 3.10.0-514.10.2.el7.x86_64
uname -s = Linux
uname -v = #1 SMP Fri Mar 3 00:04:05 UTC 2017

/usr/bin/uname -p = x86_64
/bin/uname -X     = unknown

/bin/arch              = x86_64
/usr/bin/arch -k       = unknown
/usr/convex/getsysinfo = unknown
/usr/bin/hostinfo      = unknown
/bin/machine           = unknown
/usr/bin/oslevel       = unknown
/bin/universe          = unknown

PATH: /usr/local/sbin
PATH: /usr/local/bin
PATH: /usr/sbin
PATH: /usr/bin
PATH: /root/bin


## ----------- ##
## Core tests. ##
## ----------- ##

configure:2324: checking for a BSD-compatible install
configure:2392: result: /usr/bin/install -c
configure:2403: checking whether build environment is sane
configure:2458: result: yes
configure:2609: checking for a thread-safe mkdir -p
configure:2648: result: /usr/bin/mkdir -p
configure:2655: checking for gawk
configure:2671: found /usr/bin/gawk
configure:2682: result: gawk
configure:2693: checking whether make sets $(MAKE)
configure:2715: result: yes
configure:2744: checking whether make supports nested variables
configure:2761: result: yes
configure:2906: checking for g++
configure:2922: found /usr/bin/g++
configure:2933: result: g++
configure:2960: checking for C++ compiler version
configure:2969: g++ --version >&5
g++ (GCC) 4.8.5 20150623 (Red Hat 4.8.5-11)
Copyright (C) 2015 Free Software Foundation, Inc.
This is free software; see the source for copying conditions.  There is NO
warranty; not even for MERCHANTABILITY or FITNESS FOR A PARTICULAR PURPOSE.

configure:2980: $? = 0
configure:2969: g++ -v >&5
Using built-in specs.
COLLECT_GCC=g++
COLLECT_LTO_WRAPPER=/usr/libexec/gcc/x86_64-redhat-linux/4.8.5/lto-wrapper
Target: x86_64-redhat-linux
Configured with: ../configure --prefix=/usr --mandir=/usr/share/man --infodir=/usr/share/info --with-bugurl=http://bugzilla.redhat.com/bugzilla --enable-bootstrap --enable-shared --enable-threads=posix --enable-checking=release --with-system-zlib --enable-__cxa_atexit --disable-libunwind-exceptions --enable-gnu-unique-object --enable-linker-build-id --with-linker-hash-style=gnu --enable-languages=c,c++,objc,obj-c++,java,fortran,ada,go,lto --enable-plugin --enable-initfini-array --disable-libgcj --with-isl=/builddir/build/BUILD/gcc-4.8.5-20150702/obj-x86_64-redhat-linux/isl-install --with-cloog=/builddir/build/BUILD/gcc-4.8.5-20150702/obj-x86_64-redhat-linux/cloog-install --enable-gnu-indirect-function --with-tune=generic --with-arch_32=x86-64 --build=x86_64-redhat-linux
Thread model: posix
gcc version 4.8.5 20150623 (Red Hat 4.8.5-11) (GCC) 
configure:2980: $? = 0
configure:2969: g++ -V >&5
g++: error: unrecognized command line option '-V'
g++: fatal error: no input files
compilation terminated.
configure:2980: $? = 4
configure:2969: g++ -qversion >&5
g++: error: unrecognized command line option '-qversion'
g++: fatal error: no input files
compilation terminated.
configure:2980: $? = 4
configure:3000: checking whether the C++ compiler works
configure:3022: g++    conftest.cpp  >&5
configure:3026: $? = 0
configure:3074: result: yes
configure:3077: checking for C++ compiler default output file name
configure:3079: result: a.out
configure:3085: checking for suffix of executables
configure:3092: g++ -o conftest    conftest.cpp  >&5
configure:3096: $? = 0
configure:3118: result: 
configure:3140: checking whether we are cross compiling
configure:3148: g++ -o conftest    conftest.cpp  >&5
configure:3152: $? = 0
configure:3159: ./conftest
configure:3163: $? = 0
configure:3178: result: no
configure:3183: checking for suffix of object files
configure:3205: g++ -c   conftest.cpp >&5
configure:3209: $? = 0
configure:3230: result: o
configure:3234: checking whether we are using the GNU C++ compiler
configure:3253: g++ -c   conftest.cpp >&5
configure:3253: $? = 0
configure:3262: result: yes
configure:3271: checking whether g++ accepts -g
configure:3291: g++ -c -g  conftest.cpp >&5
configure:3291: $? = 0
configure:3332: result: yes
configure:3366: checking for style of include used by make
configure:3394: result: GNU
configure:3420: checking dependency style of g++
configure:3531: result: gcc3
configure:3594: checking for gcc
configure:3610: found /usr/bin/gcc
configure:3621: result: gcc
configure:3850: checking for C compiler version
configure:3859: gcc --version >&5
gcc (GCC) 4.8.5 20150623 (Red Hat 4.8.5-11)
Copyright (C) 2015 Free Software Foundation, Inc.
This is free software; see the source for copying conditions.  There is NO
warranty; not even for MERCHANTABILITY or FITNESS FOR A PARTICULAR PURPOSE.

configure:3870: $? = 0
configure:3859: gcc -v >&5
Using built-in specs.
COLLECT_GCC=gcc
COLLECT_LTO_WRAPPER=/usr/libexec/gcc/x86_64-redhat-linux/4.8.5/lto-wrapper
Target: x86_64-redhat-linux
Configured with: ../configure --prefix=/usr --mandir=/usr/share/man --infodir=/usr/share/info --with-bugurl=http://bugzilla.redhat.com/bugzilla --enable-bootstrap --enable-shared --enable-threads=posix --enable-checking=release --with-system-zlib --enable-__cxa_atexit --disable-libunwind-exceptions --enable-gnu-unique-object --enable-linker-build-id --with-linker-hash-style=gnu --enable-languages=c,c++,objc,obj-c++,java,fortran,ada,go,lto --enable-plugin --enable-initfini-array --disable-libgcj --with-isl=/builddir/build/BUILD/gcc-4.8.5-20150702/obj-x86_64-redhat-linux/isl-install --with-cloog=/builddir/build/BUILD/gcc-4.8.5-20150702/obj-x86_64-redhat-linux/cloog-install --enable-gnu-indirect-function --with-tune=generic --with-arch_32=x86-64 --build=x86_64-redhat-linux
Thread model: posix
gcc version 4.8.5 20150623 (Red Hat 4.8.5-11) (GCC) 
configure:3870: $? = 0
configure:3859: gcc -V >&5
gcc: error: unrecognized command line option '-V'
gcc: fatal error: no input files
compilation terminated.
configure:3870: $? = 4
configure:3859: gcc -qversion >&5
gcc: error: unrecognized command line option '-qversion'
gcc: fatal error: no input files
compilation terminated.
configure:3870: $? = 4
configure:3874: checking whether we are using the GNU C compiler
configure:3893: gcc -c   conftest.c >&5
configure:3893: $? = 0
configure:3902: result: yes
configure:3911: checking whether gcc accepts -g
configure:3931: gcc -c -g  conftest.c >&5
configure:3931: $? = 0
configure:3972: result: yes
configure:3989: checking for gcc option to accept ISO C89
configure:4052: gcc  -c -g -O2  conftest.c >&5
configure:4052: $? = 0
configure:4065: result: none needed
configure:4087: checking dependency style of gcc
configure:4198: result: gcc3
configure:4218: checking how to run the C preprocessor
configure:4249: gcc -E  conftest.c
configure:4249: $? = 0
configure:4263: gcc -E  conftest.c
conftest.c:11:28: fatal error: ac_nonexistent.h: No such file or directory
 #include <ac_nonexistent.h>
                            ^
compilation terminated.
configure:4263: $? = 1
configure: failed program was:
| /* confdefs.h */
| #define PACKAGE_NAME ""
| #define PACKAGE_TARNAME ""
| #define PACKAGE_VERSION ""
| #define PACKAGE_STRING ""
| #define PACKAGE_BUGREPORT ""
| #define PACKAGE_URL ""
| #define PACKAGE "tbnet"
| #define VERSION "0.1"
| /* end confdefs.h.  */
| #include <ac_nonexistent.h>
configure:4288: result: gcc -E
configure:4308: gcc -E  conftest.c
configure:4308: $? = 0
configure:4322: gcc -E  conftest.c
conftest.c:11:28: fatal error: ac_nonexistent.h: No such file or directory
 #include <ac_nonexistent.h>
                            ^
compilation terminated.
configure:4322: $? = 1
configure: failed program was:
| /* confdefs.h */
| #define PACKAGE_NAME ""
| #define PACKAGE_TARNAME ""
| #define PACKAGE_VERSION ""
| #define PACKAGE_STRING ""
| #define PACKAGE_BUGREPORT ""
| #define PACKAGE_URL ""
| #define PACKAGE "tbnet"
| #define VERSION "0.1"
| /* end confdefs.h.  */
| #include <ac_nonexistent.h>
configure:4351: checking whether ln -s works
configure:4355: result: yes
configure:4362: checking whether make sets $(MAKE)
configure:4384: result: yes
configure:4415: checking how to run the C++ preprocessor
configure:4442: g++ -E  conftest.cpp
configure:4442: $? = 0
configure:4456: g++ -E  conftest.cpp
conftest.cpp:11:28: fatal error: ac_nonexistent.h: No such file or directory
 #include <ac_nonexistent.h>
                            ^
compilation terminated.
configure:4456: $? = 1
configure: failed program was:
| /* confdefs.h */
| #define PACKAGE_NAME ""
| #define PACKAGE_TARNAME ""
| #define PACKAGE_VERSION ""
| #define PACKAGE_STRING ""
| #define PACKAGE_BUGREPORT ""
| #define PACKAGE_URL ""
| #define PACKAGE "tbnet"
| #define VERSION "0.1"
| /* end confdefs.h.  */
| #include <ac_nonexistent.h>
configure:4481: result: g++ -E
configure:4501: g++ -E  conftest.cpp
configure:4501: $? = 0
configure:4515: g++ -E  conftest.cpp
conftest.cpp:11:28: fatal error: ac_nonexistent.h: No such file or directory
 #include <ac_nonexistent.h>
                            ^
compilation terminated.
configure:4515: $? = 1
configure: failed program was:
| /* confdefs.h */
| #define PACKAGE_NAME ""
| #define PACKAGE_TARNAME ""
| #define PACKAGE_VERSION ""
| #define PACKAGE_STRING ""
| #define PACKAGE_BUGREPORT ""
| #define PACKAGE_URL ""
| #define PACKAGE "tbnet"
| #define VERSION "0.1"
| /* end confdefs.h.  */
| #include <ac_nonexistent.h>
configure:4544: checking for grep that handles long lines and -e
configure:4602: result: /usr/bin/grep
configure:4607: checking for egrep
configure:4669: result: /usr/bin/grep -E
configure:4674: checking for ANSI C header files
configure:4694: g++ -c -O3 -Wall -fPIC  conftest.cpp >&5
configure:4694: $? = 0
configure:4767: g++ -o conftest -O3 -Wall -fPIC   conftest.cpp  >&5
configure:4767: $? = 0
configure:4767: ./conftest
configure:4767: $? = 0
configure:4778: result: yes
configure:4791: checking for sys/types.h
configure:4791: g++ -c -O3 -Wall -fPIC  conftest.cpp >&5
configure:4791: $? = 0
configure:4791: result: yes
configure:4791: checking for sys/stat.h
configure:4791: g++ -c -O3 -Wall -fPIC  conftest.cpp >&5
configure:4791: $? = 0
configure:4791: result: yes
configure:4791: checking for stdlib.h
configure:4791: g++ -c -O3 -Wall -fPIC  conftest.cpp >&5
configure:4791: $? = 0
configure:4791: result: yes
configure:4791: checking for string.h
configure:4791: g++ -c -O3 -Wall -fPIC  conftest.cpp >&5
configure:4791: $? = 0
configure:4791: result: yes
configure:4791: checking for memory.h
configure:4791: g++ -c -O3 -Wall -fPIC  conftest.cpp >&5
configure:4791: $? = 0
configure:4791: result: yes
configure:4791: checking for strings.h
configure:4791: g++ -c -O3 -Wall -fPIC  conftest.cpp >&5
configure:4791: $? = 0
configure:4791: result: yes
configure:4791: checking for inttypes.h
configure:4791: g++ -c -O3 -Wall -fPIC  conftest.cpp >&5
configure:4791: $? = 0
configure:4791: result: yes
configure:4791: checking for stdint.h
configure:4791: g++ -c -O3 -Wall -fPIC  conftest.cpp >&5
configure:4791: $? = 0
configure:4791: result: yes
configure:4791: checking for unistd.h
configure:4791: g++ -c -O3 -Wall -fPIC  conftest.cpp >&5
configure:4791: $? = 0
configure:4791: result: yes
configure:4806: checking arpa/inet.h usability
configure:4806: g++ -c -O3 -Wall -fPIC  conftest.cpp >&5
configure:4806: $? = 0
configure:4806: result: yes
configure:4806: checking arpa/inet.h presence
configure:4806: g++ -E  conftest.cpp
configure:4806: $? = 0
configure:4806: result: yes
configure:4806: checking for arpa/inet.h
configure:4806: result: yes
configure:4806: checking fcntl.h usability
configure:4806: g++ -c -O3 -Wall -fPIC  conftest.cpp >&5
configure:4806: $? = 0
configure:4806: result: yes
configure:4806: checking fcntl.h presence
configure:4806: g++ -E  conftest.cpp
configure:4806: $? = 0
configure:4806: result: yes
configure:4806: checking for fcntl.h
configure:4806: result: yes
configure:4806: checking netdb.h usability
configure:4806: g++ -c -O3 -Wall -fPIC  conftest.cpp >&5
configure:4806: $? = 0
configure:4806: result: yes
configure:4806: checking netdb.h presence
configure:4806: g++ -E  conftest.cpp
configure:4806: $? = 0
configure:4806: result: yes
configure:4806: checking for netdb.h
configure:4806: result: yes
configure:4806: checking netinet/in.h usability
configure:4806: g++ -c -O3 -Wall -fPIC  conftest.cpp >&5
configure:4806: $? = 0
configure:4806: result: yes
configure:4806: checking netinet/in.h presence
configure:4806: g++ -E  conftest.cpp
configure:4806: $? = 0
configure:4806: result: yes
configure:4806: checking for netinet/in.h
configure:4806: result: yes
configure:4806: checking for string.h
configure:4806: result: yes
configure:4806: checking for strings.h
configure:4806: result: yes
configure:4806: checking sys/socket.h usability
configure:4806: g++ -c -O3 -Wall -fPIC  conftest.cpp >&5
configure:4806: $? = 0
configure:4806: result: yes
configure:4806: checking sys/socket.h presence
configure:4806: g++ -E  conftest.cpp
configure:4806: $? = 0
configure:4806: result: yes
configure:4806: checking for sys/socket.h
configure:4806: result: yes
configure:4806: checking sys/time.h usability
configure:4806: g++ -c -O3 -Wall -fPIC  conftest.cpp >&5
configure:4806: $? = 0
configure:4806: result: yes
configure:4806: checking sys/time.h presence
configure:4806: g++ -E  conftest.cpp
configure:4806: $? = 0
configure:4806: result: yes
configure:4806: checking for sys/time.h
configure:4806: result: yes
configure:4806: checking for unistd.h
configure:4806: result: yes
configure:4818: checking for stdbool.h that conforms to C99
configure:4885: g++ -c -O3 -Wall -fPIC  conftest.cpp >&5
conftest.cpp: In function 'int main()':
conftest.cpp:79:24: warning: the address of 's' will always evaluate as 'true' [-Waddress]
              bool e = &s;
                        ^
conftest.cpp:83:23: warning: the address of 'a' will always evaluate as 'true' [-Waddress]
              return (!a + !b + !c + !d + !e + !f + !g + !h + !i + !!j + !k + !!l
                       ^
conftest.cpp:83:28: warning: the address of 'b' will always evaluate as 'true' [-Waddress]
              return (!a + !b + !c + !d + !e + !f + !g + !h + !i + !!j + !k + !!l
                            ^
conftest.cpp:83:33: warning: the address of 'c' will always evaluate as 'true' [-Waddress]
              return (!a + !b + !c + !d + !e + !f + !g + !h + !i + !!j + !k + !!l
                                 ^
conftest.cpp:83:38: warning: the address of 'd' will always evaluate as 'true' [-Waddress]
              return (!a + !b + !c + !d + !e + !f + !g + !h + !i + !!j + !k + !!l
                                      ^
conftest.cpp:83:48: warning: the address of 'f' will always evaluate as 'true' [-Waddress]
              return (!a + !b + !c + !d + !e + !f + !g + !h + !i + !!j + !k + !!l
                                                ^
conftest.cpp:83:53: warning: the address of 'g' will always evaluate as 'true' [-Waddress]
              return (!a + !b + !c + !d + !e + !f + !g + !h + !i + !!j + !k + !!l
                                                     ^
conftest.cpp:83:58: warning: the address of 'h' will always evaluate as 'true' [-Waddress]
              return (!a + !b + !c + !d + !e + !f + !g + !h + !i + !!j + !k + !!l
                                                          ^
conftest.cpp:83:63: warning: the address of 'i' will always evaluate as 'true' [-Waddress]
              return (!a + !b + !c + !d + !e + !f + !g + !h + !i + !!j + !k + !!l
                                                               ^
conftest.cpp:84:30: warning: the address of 'n' will always evaluate as 'true' [-Waddress]
                              ^
conftest.cpp:84:35: warning: the address of 'o' will always evaluate as 'true' [-Waddress]
                                   ^
conftest.cpp:84:40: warning: the address of 'p' will always evaluate as 'true' [-Waddress]
                                        ^
configure:4885: $? = 0
configure:4892: result: yes
configure:4894: checking for _Bool
configure:4894: g++ -c -O3 -Wall -fPIC  conftest.cpp >&5
conftest.cpp: In function 'int main()':
conftest.cpp:66:13: error: '_Bool' was not declared in this scope
 if (sizeof (_Bool))
             ^
configure:4894: $? = 1
configure: failed program was:
| /* confdefs.h */
| #define PACKAGE_NAME ""
| #define PACKAGE_TARNAME ""
| #define PACKAGE_VERSION ""
| #define PACKAGE_STRING ""
| #define PACKAGE_BUGREPORT ""
| #define PACKAGE_URL ""
| #define PACKAGE "tbnet"
| #define VERSION "0.1"
| #define STDC_HEADERS 1
| #define HAVE_SYS_TYPES_H 1
| #define HAVE_SYS_STAT_H 1
| #define HAVE_STDLIB_H 1
| #define HAVE_STRING_H 1
| #define HAVE_MEMORY_H 1
| #define HAVE_STRINGS_H 1
| #define HAVE_INTTYPES_H 1
| #define HAVE_STDINT_H 1
| #define HAVE_UNISTD_H 1
| #define HAVE_ARPA_INET_H 1
| #define HAVE_FCNTL_H 1
| #define HAVE_NETDB_H 1
| #define HAVE_NETINET_IN_H 1
| #define HAVE_STRING_H 1
| #define HAVE_STRINGS_H 1
| #define HAVE_SYS_SOCKET_H 1
| #define HAVE_SYS_TIME_H 1
| #define HAVE_UNISTD_H 1
| /* end confdefs.h.  */
| #include <stdio.h>
| #ifdef HAVE_SYS_TYPES_H
| # include <sys/types.h>
| #endif
| #ifdef HAVE_SYS_STAT_H
| # include <sys/stat.h>
| #endif
| #ifdef STDC_HEADERS
| # include <stdlib.h>
| # include <stddef.h>
| #else
| # ifdef HAVE_STDLIB_H
| #  include <stdlib.h>
| # endif
| #endif
| #ifdef HAVE_STRING_H
| # if !defined STDC_HEADERS && defined HAVE_MEMORY_H
| #  include <memory.h>
| # endif
| # include <string.h>
| #endif
| #ifdef HAVE_STRINGS_H
| # include <strings.h>
| #endif
| #ifdef HAVE_INTTYPES_H
| # include <inttypes.h>
| #endif
| #ifdef HAVE_STDINT_H
| # include <stdint.h>
| #endif
| #ifdef HAVE_UNISTD_H
| # include <unistd.h>
| #endif
| int
| main ()
| {
| if (sizeof (_Bool))
| 	 return 0;
|   ;
|   return 0;
| }
configure:4894: result: no
configure:4911: checking for an ANSI C-conforming const
configure:4977: g++ -c -O3 -Wall -fPIC  conftest.cpp >&5
configure:4977: $? = 0
configure:4984: result: yes
configure:4992: checking for inline
configure:5008: g++ -c -O3 -Wall -fPIC  conftest.cpp >&5
configure:5008: $? = 0
configure:5016: result: inline
configure:5034: checking for size_t
configure:5034: g++ -c -O3 -Wall -fPIC  conftest.cpp >&5
configure:5034: $? = 0
configure:5034: g++ -c -O3 -Wall -fPIC  conftest.cpp >&5
conftest.cpp: In function 'int main()':
conftest.cpp:67:20: error: expected primary-expression before ')' token
 if (sizeof ((size_t)))
                    ^
configure:5034: $? = 1
configure: failed program was:
| /* confdefs.h */
| #define PACKAGE_NAME ""
| #define PACKAGE_TARNAME ""
| #define PACKAGE_VERSION ""
| #define PACKAGE_STRING ""
| #define PACKAGE_BUGREPORT ""
| #define PACKAGE_URL ""
| #define PACKAGE "tbnet"
| #define VERSION "0.1"
| #define STDC_HEADERS 1
| #define HAVE_SYS_TYPES_H 1
| #define HAVE_SYS_STAT_H 1
| #define HAVE_STDLIB_H 1
| #define HAVE_STRING_H 1
| #define HAVE_MEMORY_H 1
| #define HAVE_STRINGS_H 1
| #define HAVE_INTTYPES_H 1
| #define HAVE_STDINT_H 1
| #define HAVE_UNISTD_H 1
| #define HAVE_ARPA_INET_H 1
| #define HAVE_FCNTL_H 1
| #define HAVE_NETDB_H 1
| #define HAVE_NETINET_IN_H 1
| #define HAVE_STRING_H 1
| #define HAVE_STRINGS_H 1
| #define HAVE_SYS_SOCKET_H 1
| #define HAVE_SYS_TIME_H 1
| #define HAVE_UNISTD_H 1
| #define HAVE_STDBOOL_H 1
| /* end confdefs.h.  */
| #include <stdio.h>
| #ifdef HAVE_SYS_TYPES_H
| # include <sys/types.h>
| #endif
| #ifdef HAVE_SYS_STAT_H
| # include <sys/stat.h>
| #endif
| #ifdef STDC_HEADERS
| # include <stdlib.h>
| # include <stddef.h>
| #else
| # ifdef HAVE_STDLIB_H
| #  include <stdlib.h>
| # endif
| #endif
| #ifdef HAVE_STRING_H
| # if !defined STDC_HEADERS && defined HAVE_MEMORY_H
| #  include <memory.h>
| # endif
| # include <string.h>
| #endif
| #ifdef HAVE_STRINGS_H
| # include <strings.h>
| #endif
| #ifdef HAVE_INTTYPES_H
| # include <inttypes.h>
| #endif
| #ifdef HAVE_STDINT_H
| # include <stdint.h>
| #endif
| #ifdef HAVE_UNISTD_H
| # include <unistd.h>
| #endif
| int
| main ()
| {
| if (sizeof ((size_t)))
| 	    return 0;
|   ;
|   return 0;
| }
configure:5034: result: yes
configure:5045: checking whether time.h and sys/time.h may both be included
configure:5065: g++ -c -O3 -Wall -fPIC  conftest.cpp >&5
configure:5065: $? = 0
configure:5072: result: yes
configure:5080: checking whether struct tm is in sys/time.h or time.h
configure:5100: g++ -c -O3 -Wall -fPIC  conftest.cpp >&5
configure:5100: $? = 0
configure:5107: result: time.h
configure:5115: checking for working volatile
configure:5134: g++ -c -O3 -Wall -fPIC  conftest.cpp >&5
configure:5134: $? = 0
configure:5141: result: yes
configure:5153: checking for stdlib.h
configure:5153: result: yes
configure:5163: checking for GNU libc compatible malloc
configure:5187: g++ -o conftest -O3 -Wall -fPIC   conftest.cpp  >&5
configure:5187: $? = 0
configure:5187: ./conftest
configure:5187: $? = 0
configure:5197: result: yes
configure:5218: checking for working memcmp
configure:5261: g++ -o conftest -O3 -Wall -fPIC   conftest.cpp  >&5
configure:5261: $? = 0
configure:5261: ./conftest
configure:5261: $? = 0
configure:5271: result: yes
configure:5280: checking return type of signal handlers
configure:5298: g++ -c -O3 -Wall -fPIC  conftest.cpp >&5
conftest.cpp: In function 'int main()':
conftest.cpp:40:22: error: void value not ignored as it ought to be
 return *(signal (0, 0)) (0) == 1;
                      ^
configure:5298: $? = 1
configure: failed program was:
| /* confdefs.h */
| #define PACKAGE_NAME ""
| #define PACKAGE_TARNAME ""
| #define PACKAGE_VERSION ""
| #define PACKAGE_STRING ""
| #define PACKAGE_BUGREPORT ""
| #define PACKAGE_URL ""
| #define PACKAGE "tbnet"
| #define VERSION "0.1"
| #define STDC_HEADERS 1
| #define HAVE_SYS_TYPES_H 1
| #define HAVE_SYS_STAT_H 1
| #define HAVE_STDLIB_H 1
| #define HAVE_STRING_H 1
| #define HAVE_MEMORY_H 1
| #define HAVE_STRINGS_H 1
| #define HAVE_INTTYPES_H 1
| #define HAVE_STDINT_H 1
| #define HAVE_UNISTD_H 1
| #define HAVE_ARPA_INET_H 1
| #define HAVE_FCNTL_H 1
| #define HAVE_NETDB_H 1
| #define HAVE_NETINET_IN_H 1
| #define HAVE_STRING_H 1
| #define HAVE_STRINGS_H 1
| #define HAVE_SYS_SOCKET_H 1
| #define HAVE_SYS_TIME_H 1
| #define HAVE_UNISTD_H 1
| #define HAVE_STDBOOL_H 1
| #define TIME_WITH_SYS_TIME 1
| #define HAVE_STDLIB_H 1
| #define HAVE_MALLOC 1
| /* end confdefs.h.  */
| #include <sys/types.h>
| #include <signal.h>
| 
| int
| main ()
| {
| return *(signal (0, 0)) (0) == 1;
|   ;
|   return 0;
| }
configure:5305: result: void
configure:5315: checking for vprintf
configure:5315: g++ -o conftest -O3 -Wall -fPIC   conftest.cpp  >&5
configure:5315: $? = 0
configure:5315: result: yes
configure:5321: checking for _doprnt
configure:5321: g++ -o conftest -O3 -Wall -fPIC   conftest.cpp  >&5
/tmp/ccuVEMCV.o: In function `main':
conftest.cpp:(.text.startup+0x5): undefined reference to `_doprnt'
collect2: error: ld returned 1 exit status
configure:5321: $? = 1
configure: failed program was:
| /* confdefs.h */
| #define PACKAGE_NAME ""
| #define PACKAGE_TARNAME ""
| #define PACKAGE_VERSION ""
| #define PACKAGE_STRING ""
| #define PACKAGE_BUGREPORT ""
| #define PACKAGE_URL ""
| #define PACKAGE "tbnet"
| #define VERSION "0.1"
| #define STDC_HEADERS 1
| #define HAVE_SYS_TYPES_H 1
| #define HAVE_SYS_STAT_H 1
| #define HAVE_STDLIB_H 1
| #define HAVE_STRING_H 1
| #define HAVE_MEMORY_H 1
| #define HAVE_STRINGS_H 1
| #define HAVE_INTTYPES_H 1
| #define HAVE_STDINT_H 1
| #define HAVE_UNISTD_H 1
| #define HAVE_ARPA_INET_H 1
| #define HAVE_FCNTL_H 1
| #define HAVE_NETDB_H 1
| #define HAVE_NETINET_IN_H 1
| #define HAVE_STRING_H 1
| #define HAVE_STRINGS_H 1
| #define HAVE_SYS_SOCKET_H 1
| #define HAVE_SYS_TIME_H 1
| #define HAVE_UNISTD_H 1
| #define HAVE_STDBOOL_H 1
| #define TIME_WITH_SYS_TIME 1
| #define HAVE_STDLIB_H 1
| #define HAVE_MALLOC 1
| #define RETSIGTYPE void
| #define HAVE_VPRINTF 1
| /* end confdefs.h.  */
| /* Define _doprnt to an innocuous variant, in case <limits.h> declares _doprnt.
|    For example, HP-UX 11i <limits.h> declares gettimeofday.  */
| #define _doprnt innocuous__doprnt
| 
| /* System header to define __stub macros and hopefully few prototypes,
|     which can conflict with char _doprnt (); below.
|     Prefer <limits.h> to <assert.h> if __STDC__ is defined, since
|     <limits.h> exists even on freestanding compilers.  */
| 
| #ifdef __STDC__
| # include <limits.h>
| #else
| # include <assert.h>
| #endif
| 
| #undef _doprnt
| 
| /* Override any GCC internal prototype to avoid an error.
|    Use char because int might match the return type of a GCC
|    builtin and then its argument prototype would still apply.  */
| #ifdef __cplusplus
| extern "C"
| #endif
| char _doprnt ();
| /* The GNU C library defines this for functions which it implements
|     to always fail with ENOSYS.  Some functions are actually named
|     something starting with __ and the normal name is an alias.  */
| #if defined __stub__doprnt || defined __stub____doprnt
| choke me
| #endif
| 
| int
| main ()
| {
| return _doprnt ();
|   ;
|   return 0;
| }
configure:5321: result: no
configure:5335: checking for dup2
configure:5335: g++ -o conftest -O3 -Wall -fPIC   conftest.cpp  >&5
configure:5335: $? = 0
configure:5335: result: yes
configure:5335: checking for gethostbyname
configure:5335: g++ -o conftest -O3 -Wall -fPIC   conftest.cpp  >&5
configure:5335: $? = 0
configure:5335: result: yes
configure:5335: checking for gettimeofday
configure:5335: g++ -o conftest -O3 -Wall -fPIC   conftest.cpp  >&5
configure:5335: $? = 0
configure:5335: result: yes
configure:5335: checking for memmove
configure:5335: g++ -o conftest -O3 -Wall -fPIC   conftest.cpp  >&5
configure:5335: $? = 0
configure:5335: result: yes
configure:5335: checking for memset
configure:5335: g++ -o conftest -O3 -Wall -fPIC   conftest.cpp  >&5
configure:5335: $? = 0
configure:5335: result: yes
configure:5335: checking for socket
configure:5335: g++ -o conftest -O3 -Wall -fPIC   conftest.cpp  >&5
configure:5335: $? = 0
configure:5335: result: yes
configure:5335: checking for strcasecmp
configure:5335: g++ -o conftest -O3 -Wall -fPIC   conftest.cpp  >&5
configure:5335: $? = 0
configure:5335: result: yes
configure:5335: checking for strdup
configure:5335: g++ -o conftest -O3 -Wall -fPIC   conftest.cpp  >&5
configure:5335: $? = 0
configure:5335: result: yes
configure:5492: checking that generated files are newer than configure
configure:5498: result: done
configure:5525: creating ./config.status

## ---------------- ##
## Cache variables. ##
## ---------------- ##

ac_cv_c_compiler_gnu=yes
ac_cv_c_const=yes
ac_cv_c_inline=inline
ac_cv_c_volatile=yes
ac_cv_cxx_compiler_gnu=yes
ac_cv_env_CCC_set=
ac_cv_env_CCC_value=
ac_cv_env_CC_set=
ac_cv_env_CC_value=
ac_cv_env_CFLAGS_set=
ac_cv_env_CFLAGS_value=
ac_cv_env_CPPFLAGS_set=
ac_cv_env_CPPFLAGS_value=
ac_cv_env_CPP_set=
ac_cv_env_CPP_value=
ac_cv_env_CXXCPP_set=
ac_cv_env_CXXCPP_value=
ac_cv_env_CXXFLAGS_set=
ac_cv_env_CXXFLAGS_value=
ac_cv_env_CXX_set=
ac_cv_env_CXX_value=
ac_cv_env_LDFLAGS_set=
ac_cv_env_LDFLAGS_value=
ac_cv_env_LIBS_set=
ac_cv_env_LIBS_value=
ac_cv_env_build_alias_set=
ac_cv_env_build_alias_value=
ac_cv_env_host_alias_set=
ac_cv_env_host_alias_value=
ac_cv_env_target_alias_set=
ac_cv_env_target_alias_value=
ac_cv_func__doprnt=no
ac_cv_func_dup2=yes
ac_cv_func_gethostbyname=yes
ac_cv_func_gettimeofday=yes
ac_cv_func_malloc_0_nonnull=yes
ac_cv_func_memcmp_working=yes
ac_cv_func_memmove=yes
ac_cv_func_memset=yes
ac_cv_func_socket=yes
ac_cv_func_strcasecmp=yes
ac_cv_func_strdup=yes
ac_cv_func_vprintf=yes
ac_cv_header_arpa_inet_h=yes
ac_cv_header_fcntl_h=yes
ac_cv_header_inttypes_h=yes
ac_cv_header_memory_h=yes
ac_cv_header_netdb_h=yes
ac_cv_header_netinet_in_h=yes
ac_cv_header_stdbool_h=yes
ac_cv_header_stdc=yes
ac_cv_header_stdint_h=yes
ac_cv_header_stdlib_h=yes
ac_cv_header_string_h=yes
ac_cv_header_strings_h=yes
ac_cv_header_sys_socket_h=yes
ac_cv_header_sys_stat_h=yes
ac_cv_header_sys_time_h=yes
ac_cv_header_sys_types_h=yes
ac_cv_header_time=yes
ac_cv_header_unistd_h=yes
ac_cv_objext=o
ac_cv_path_EGREP='/usr/bin/grep -E'
ac_cv_path_GREP=/usr/bin/grep
ac_cv_path_install='/usr/bin/install -c'
ac_cv_path_mkdir=/usr/bin/mkdir
ac_cv_prog_AWK=gawk
ac_cv_prog_CPP='gcc -E'
ac_cv_prog_CXXCPP='g++ -E'
ac_cv_prog_ac_ct_CC=gcc
ac_cv_prog_ac_ct_CXX=g++
ac_cv_prog_cc_c89=
ac_cv_prog_cc_g=yes
ac_cv_prog_cxx_g=yes
ac_cv_prog_make_make_set=yes
ac_cv_struct_tm=time.h
ac_cv_type__Bool=no
ac_cv_type_signal=void
ac_cv_type_size_t=yes
am_cv_CC_dependencies_compiler_type=gcc3
am_cv_CXX_dependencies_compiler_type=gcc3
am_cv_make_support_nested_variables=yes

## ----------------- ##
## Output variables. ##
## ----------------- ##

ACLOCAL='${SHELL} /home/czm/CmdProc/tb-common-utils/tbnet/missing aclocal-1.13'
AMDEPBACKSLASH='\'
AMDEP_FALSE='#'
AMDEP_TRUE=''
AMTAR='$${TAR-tar}'
AM_BACKSLASH='\'
AM_DEFAULT_V='$(AM_DEFAULT_VERBOSITY)'
AM_DEFAULT_VERBOSITY='1'
AM_V='$(V)'
AUTOCONF='${SHELL} /home/czm/CmdProc/tb-common-utils/tbnet/missing autoconf'
AUTOHEADER='${SHELL} /home/czm/CmdProc/tb-common-utils/tbnet/missing autoheader'
AUTOMAKE='${SHELL} /home/czm/CmdProc/tb-common-utils/tbnet/missing automake-1.13'
AWK='gawk'
CC='gcc'
CCDEPMODE='depmode=gcc3'
CFLAGS='-g -O2'
CPP='gcc -E'
CPPFLAGS=''
CXX='g++'
CXXCPP='g++ -E'
CXXDEPMODE='depmode=gcc3'
CXXFLAGS='-O3 -Wall -fPIC'
CYGPATH_W='echo'
DEFS='-DPACKAGE_NAME=\"\" -DPACKAGE_TARNAME=\"\" -DPACKAGE_VERSION=\"\" -DPACKAGE_STRING=\"\" -DPACKAGE_BUGREPORT=\"\" -DPACKAGE_URL=\"\" -DPACKAGE=\"tbnet\" -DVERSION=\"0.1\" -DSTDC_HEADERS=1 -DHAVE_SYS_TYPES_H=1 -DHAVE_SYS_STAT_H=1 -DHAVE_STDLIB_H=1 -DHAVE_STRING_H=1 -DHAVE_MEMORY_H=1 -DHAVE_STRINGS_H=1 -DHAVE_INTTYPES_H=1 -DHAVE_STDINT_H=1 -DHAVE_UNISTD_H=1 -DHAVE_ARPA_INET_H=1 -DHAVE_FCNTL_H=1 -DHAVE_NETDB_H=1 -DHAVE_NETINET_IN_H=1 -DHAVE_STRING_H=1 -DHAVE_STRINGS_H=1 -DHAVE_SYS_SOCKET_H=1 -DHAVE_SYS_TIME_H=1 -DHAVE_UNISTD_H=1 -DHAVE_STDBOOL_H=1 -DTIME_WITH_SYS_TIME=1 -DHAVE_STDLIB_H=1 -DHAVE_MALLOC=1 -DRETSIGTYPE=void -DHAVE_VPRINTF=1 -DHAVE_DUP2=1 -DHAVE_GETHOSTBYNAME=1 -DHAVE_GETTIMEOFDAY=1 -DHAVE_MEMMOVE=1 -DHAVE_MEMSET=1 -DHAVE_SOCKET=1 -DHAVE_STRCASECMP=1 -DHAVE_STRDUP=1'
DEPDIR='.deps'
ECHO_C=''
ECHO_N='-n'
ECHO_T=''
EGREP='/usr/bin/grep -E'
EXEEXT=''
GREP='/usr/bin/grep'
INSTALL_DATA='${INSTALL} -m 644'
INSTALL_PROGRAM='${INSTALL}'
INSTALL_SCRIPT='${INSTALL}'
INSTALL_STRIP_PROGRAM='$(install_sh) -c -s'
LDFLAGS=''
LIBOBJS=''
LIBS=''
LN_S='ln -s'
LTLIBOBJS=''
MAKEINFO='${SHELL} /home/czm/CmdProc/tb-common-utils/tbnet/missing makeinfo'
MKDIR_P='/usr/bin/mkdir -p'
OBJEXT='o'
PACKAGE='tbnet'
PACKAGE_BUGREPORT=''
PACKAGE_NAME=''
PACKAGE_STRING=''
PACKAGE_TARNAME=''
PACKAGE_URL=''
PACKAGE_VERSION=''
PATH_SEPARATOR=':'
SET_MAKE=''
SHELL='/bin/sh'
STRIP=''
VERSION='0.1'
ac_ct_CC='gcc'
ac_ct_CXX='g++'
am__EXEEXT_FALSE=''
am__EXEEXT_TRUE='#'
am__fastdepCC_FALSE='#'
am__fastdepCC_TRUE=''
am__fastdepCXX_FALSE='#'
am__fastdepCXX_TRUE=''
am__include='include'
am__isrc=''
am__leading_dot='.'
am__nodep='_no'
am__quote=''
am__tar='$${TAR-tar} chof - "$$tardir"'
am__untar='$${TAR-tar} xf -'
bindir='${exec_prefix}/bin'
build_alias=''
datadir='${datarootdir}'
datarootdir='${prefix}/share'
docdir='${datarootdir}/doc/${PACKAGE}'
dvidir='${docdir}'
exec_prefix='${prefix}'
host_alias=''
htmldir='${docdir}'
includedir='/usr/local/include/tbnet'
infodir='${datarootdir}/info'
install_sh='${SHELL} /home/czm/CmdProc/tb-common-utils/tbnet/install-sh'
libdir='${exec_prefix}/lib'
libexecdir='${exec_prefix}/libexec'
localedir='${datarootdir}/locale'
localstatedir='${prefix}/var'
mandir='${datarootdir}/man'
mkdir_p='$(MKDIR_P)'
oldincludedir='/usr/include'
pdfdir='${docdir}'
prefix='/usr/local'
program_transform_name='s,x,x,'
psdir='${docdir}'
sbindir='${exec_prefix}/sbin'
sharedstatedir='${prefix}/com'
sysconfdir='${prefix}/etc'
target_alias=''

## ----------- ##
## confdefs.h. ##
## ----------- ##

/* confdefs.h */
#define PACKAGE_NAME ""
#define PACKAGE_TARNAME ""
#define PACKAGE_VERSION ""
#define PACKAGE_STRING ""
#define PACKAGE_BUGREPORT ""
#define PACKAGE_URL ""
#define PACKAGE "tbnet"
#define VERSION "0.1"
#define STDC_HEADERS 1
#define HAVE_SYS_TYPES_H 1
#define HAVE_SYS_STAT_H 1
#define HAVE_STDLIB_H 1
#define HAVE_STRING_H 1
#define HAVE_MEMORY_H 1
#define HAVE_STRINGS_H 1
#define HAVE_INTTYPES_H 1
#define HAVE_STDINT_H 1
#define HAVE_UNISTD_H 1
#define HAVE_ARPA_INET_H 1
#define HAVE_FCNTL_H 1
#define HAVE_NETDB_H 1
#define HAVE_NETINET_IN_H 1
#define HAVE_STRING_H 1
#define HAVE_STRINGS_H 1
#define HAVE_SYS_SOCKET_H 1
#define HAVE_SYS_TIME_H 1
#define HAVE_UNISTD_H 1
#define HAVE_STDBOOL_H 1
#define TIME_WITH_SYS_TIME 1
#define HAVE_STDLIB_H 1
#define HAVE_MALLOC 1
#define RETSIGTYPE void
#define HAVE_VPRINTF 1
#define HAVE_DUP2 1
#define HAVE_GETHOSTBYNAME 1
#define HAVE_GETTIMEOFDAY 1
#define HAVE_MEMMOVE 1
#define HAVE_MEMSET 1
#define HAVE_SOCKET 1
#define HAVE_STRCASECMP 1
#define HAVE_STRDUP 1

configure: exit 0

## ---------------------- ##
## Running config.status. ##
## ---------------------- ##

This file was extended by config.status, which was
generated by GNU Autoconf 2.69.  Invocation command line was

  CONFIG_FILES    = 
  CONFIG_HEADERS  = 
  CONFIG_LINKS    = 
  CONFIG_COMMANDS = 
  $ ./config.status 

on localhost.localdomain

config.status:790: creating Makefile
config.status:790: creating src/Makefile
config.status:790: creating src/test/Makefile
config.status:790: creating test/Makefile
config.status:962: executing depfiles commands
